Started GET "/libreria" for ::1 at 2022-06-21 12:17:12 +0200
  [1m[35m (8.1ms)[0m  [1m[34mSELECT sqlite_version(*)[0m
  
ActionController::RoutingError (No route matches [GET] "/libreria"):
  
Started GET "/library" for ::1 at 2022-06-21 12:17:13 +0200
  
ActionController::RoutingError (No route matches [GET] "/library"):
  
Started GET "/library" for ::1 at 2022-06-21 12:17:55 +0200
Processing by LibraryController#index as HTML
  Rendering layout layouts/application.html.erb
  Rendering library/index.html.erb within layouts/application
[Webpacker] Compiling...
[Webpacker] Compilation failed:
Hash: 6f3a5dafb1c7fd0cefc6
Version: webpack 4.46.0
Time: 10668ms
Built at: 06/21/2022 12:18:17 PM
                                     Asset       Size       Chunks                         Chunk Names
    js/application-93a22bce720a15532022.js    316 KiB  application  [emitted] [immutable]  application
js/application-93a22bce720a15532022.js.map    372 KiB  application  [emitted] [dev]        application
        js/library-3e0df6d09fbad4a92654.js   3.92 KiB      library  [emitted] [immutable]  library
    js/library-3e0df6d09fbad4a92654.js.map   3.64 KiB      library  [emitted] [dev]        library
                             manifest.json  675 bytes               [emitted]              
Entrypoint application = js/application-93a22bce720a15532022.js js/application-93a22bce720a15532022.js.map
Entrypoint library = js/library-3e0df6d09fbad4a92654.js js/library-3e0df6d09fbad4a92654.js.map
[./app/javascript/packs/application.js] 219 bytes {application} [built]
[./app/javascript/packs/library.js] 53 bytes {library} [built]
[./node_modules/webpack/buildin/module.js] (webpack)/buildin/module.js 552 bytes {application} [built]
    + 1 hidden module

ERROR in ./app/javascript/packs/application.js
Module not found: Error: Can't resolve '@rails/activestorage' in '/home/oddiv/desktop/test/BiblioCommunity/app/javascript/packs'
 @ ./app/javascript/packs/application.js 3:0-54 8:0-19

ERROR in ./app/javascript/packs/application.js
Module not found: Error: Can't resolve '@rails/ujs' in '/home/oddiv/desktop/test/BiblioCommunity/app/javascript/packs'
 @ ./app/javascript/packs/application.js 1:0-31 6:0-5

ERROR in ./app/javascript/packs/application.js
Module not found: Error: Can't resolve 'turbolinks' in '/home/oddiv/desktop/test/BiblioCommunity/app/javascript/packs'
 @ ./app/javascript/packs/application.js 2:0-36 7:0-10


warning package.json: No license field

  Rendered library/index.html.erb within layouts/application (Duration: 21331.6ms | Allocations: 2625)
  Rendered layout layouts/application.html.erb (Duration: 22287.1ms | Allocations: 97630)
Completed 200 OK in 22330ms (Views: 22293.8ms | Allocations: 101402)


Started GET "/library" for ::1 at 2022-06-21 12:18:35 +0200
Processing by LibraryController#index as HTML
  Rendering layout layouts/application.html.erb
  Rendering library/index.html.erb within layouts/application
[Webpacker] Everything's up-to-date. Nothing to do
  Rendered library/index.html.erb within layouts/application (Duration: 16.0ms | Allocations: 1750)
  Rendered layout layouts/application.html.erb (Duration: 32.2ms | Allocations: 4395)
Completed 200 OK in 43ms (Views: 38.9ms | Allocations: 5303)


Started GET "/library" for ::1 at 2022-06-21 12:19:35 +0200
Processing by LibraryController#index as HTML
  Rendering layout layouts/application.html.erb
  Rendering library/index.html.erb within layouts/application
[Webpacker] Everything's up-to-date. Nothing to do
  Rendered library/index.html.erb within layouts/application (Duration: 13.1ms | Allocations: 1586)
  Rendered layout layouts/application.html.erb (Duration: 28.1ms | Allocations: 3971)
Completed 200 OK in 32ms (Views: 29.6ms | Allocations: 4294)


Started GET "/library" for ::1 at 2022-06-21 12:19:56 +0200
  [1m[35m (3.1ms)[0m  [1m[34mSELECT sqlite_version(*)[0m
Processing by LibraryController#index as HTML
  Rendering layout layouts/application.html.erb
  Rendering library/index.html.erb within layouts/application
[Webpacker] Everything's up-to-date. Nothing to do
  Rendered library/index.html.erb within layouts/application (Duration: 21.5ms | Allocations: 2155)
  Rendered layout layouts/application.html.erb (Duration: 35.2ms | Allocations: 4996)
Completed 200 OK in 65ms (Views: 47.3ms | ActiveRecord: 0.0ms | Allocations: 9254)


Started GET "/library" for ::1 at 2022-06-21 12:36:57 +0200
Processing by LibraryController#index as HTML
  Rendering layout layouts/application.html.erb
  Rendering library/index.html.erb within layouts/application
[Webpacker] Everything's up-to-date. Nothing to do
  Rendered library/index.html.erb within layouts/application (Duration: 22.3ms | Allocations: 1602)
  Rendered layout layouts/application.html.erb (Duration: 44.4ms | Allocations: 3944)
Completed 200 OK in 49ms (Views: 46.2ms | Allocations: 4270)


  [1m[35m (3.8ms)[0m  [1m[34mSELECT sqlite_version(*)[0m
  [1m[35m (40.0ms)[0m  [1m[35mCREATE TABLE "schema_migrations" ("version" varchar NOT NULL PRIMARY KEY)[0m
  [1m[35m (4.7ms)[0m  [1m[35mCREATE TABLE "ar_internal_metadata" ("key" varchar NOT NULL PRIMARY KEY, "value" varchar, "created_at" datetime(6) NOT NULL, "updated_at" datetime(6) NOT NULL)[0m
  [1m[36mActiveRecord::SchemaMigration Pluck (0.6ms)[0m  [1m[34mSELECT "schema_migrations"."version" FROM "schema_migrations" ORDER BY "schema_migrations"."version" ASC[0m
Migrating to CreateActiveStorageTables (20220621103957)
  [1m[36mTRANSACTION (0.1ms)[0m  [1m[36mbegin transaction[0m
  [1m[35m (2.1ms)[0m  [1m[35mCREATE TABLE "active_storage_blobs" ("id" integer PRIMARY KEY AUTOINCREMENT NOT NULL, "key" varchar NOT NULL, "filename" varchar NOT NULL, "content_type" varchar, "metadata" text, "service_name" varchar NOT NULL, "byte_size" bigint NOT NULL, "checksum" varchar, "created_at" datetime(6) NOT NULL)[0m
  [1m[35m (0.8ms)[0m  [1m[35mCREATE UNIQUE INDEX "index_active_storage_blobs_on_key" ON "active_storage_blobs" ("key")[0m
  [1m[35m (0.3ms)[0m  [1m[35mCREATE TABLE "active_storage_attachments" ("id" integer PRIMARY KEY AUTOINCREMENT NOT NULL, "name" varchar NOT NULL, "record_type" varchar NOT NULL, "record_id" bigint NOT NULL, "blob_id" bigint NOT NULL, "created_at" datetime(6) NOT NULL, CONSTRAINT "fk_rails_c3b3935057"
FOREIGN KEY ("blob_id")
  REFERENCES "active_storage_blobs" ("id")
)[0m
  [1m[35m (0.2ms)[0m  [1m[35mCREATE INDEX "index_active_storage_attachments_on_blob_id" ON "active_storage_attachments" ("blob_id")[0m
  [1m[35m (0.3ms)[0m  [1m[35mCREATE UNIQUE INDEX "index_active_storage_attachments_uniqueness" ON "active_storage_attachments" ("record_type", "record_id", "name", "blob_id")[0m
  [1m[35m (0.4ms)[0m  [1m[35mCREATE TABLE "active_storage_variant_records" ("id" integer PRIMARY KEY AUTOINCREMENT NOT NULL, "blob_id" bigint NOT NULL, "variation_digest" varchar NOT NULL, CONSTRAINT "fk_rails_993965df05"
FOREIGN KEY ("blob_id")
  REFERENCES "active_storage_blobs" ("id")
)[0m
  [1m[35m (0.3ms)[0m  [1m[35mCREATE UNIQUE INDEX "index_active_storage_variant_records_uniqueness" ON "active_storage_variant_records" ("blob_id", "variation_digest")[0m
  [1m[36mActiveRecord::SchemaMigration Create (0.6ms)[0m  [1m[32mINSERT INTO "schema_migrations" ("version") VALUES (?)[0m  [["version", "20220621103957"]]
  [1m[36mTRANSACTION (3.3ms)[0m  [1m[36mcommit transaction[0m
  [1m[36mActiveRecord::InternalMetadata Load (0.5ms)[0m  [1m[34mSELECT "ar_internal_metadata".* FROM "ar_internal_metadata" WHERE "ar_internal_metadata"."key" = ? LIMIT ?[0m  [["key", "environment"], ["LIMIT", 1]]
  [1m[36mTRANSACTION (0.1ms)[0m  [1m[36mbegin transaction[0m
  [1m[36mActiveRecord::InternalMetadata Create (2.5ms)[0m  [1m[32mINSERT INTO "ar_internal_metadata" ("key", "value", "created_at", "updated_at") VALUES (?, ?, ?, ?)[0m  [["key", "environment"], ["value", "development"], ["created_at", "2022-06-21 10:40:15.170325"], ["updated_at", "2022-06-21 10:40:15.170325"]]
  [1m[36mTRANSACTION (2.4ms)[0m  [1m[36mcommit transaction[0m
  [1m[35m (0.1ms)[0m  [1m[34mSELECT sqlite_version(*)[0m
  [1m[36mActiveRecord::SchemaMigration Pluck (0.5ms)[0m  [1m[34mSELECT "schema_migrations"."version" FROM "schema_migrations" ORDER BY "schema_migrations"."version" ASC[0m
Started GET "/library" for ::1 at 2022-06-21 12:42:20 +0200
  [1m[35m (0.1ms)[0m  [1m[34mSELECT sqlite_version(*)[0m
  [1m[36mActiveRecord::SchemaMigration Pluck (0.8ms)[0m  [1m[34mSELECT "schema_migrations"."version" FROM "schema_migrations" ORDER BY "schema_migrations"."version" ASC[0m
Processing by LibraryController#index as HTML
  Rendering layout layouts/application.html.erb
  Rendering library/index.html.erb within layouts/application
[Webpacker] Everything's up-to-date. Nothing to do
  Rendered library/index.html.erb within layouts/application (Duration: 15.4ms | Allocations: 1585)
  Rendered layout layouts/application.html.erb (Duration: 23.3ms | Allocations: 4004)
Completed 200 OK in 30ms (Views: 27.3ms | ActiveRecord: 0.0ms | Allocations: 4785)


Started GET "/library" for ::1 at 2022-06-21 12:42:44 +0200
  [1m[35m (3.0ms)[0m  [1m[34mSELECT sqlite_version(*)[0m
  [1m[36mActiveRecord::SchemaMigration Pluck (0.7ms)[0m  [1m[34mSELECT "schema_migrations"."version" FROM "schema_migrations" ORDER BY "schema_migrations"."version" ASC[0m
Processing by LibraryController#index as HTML
  Rendering layout layouts/application.html.erb
  Rendering library/index.html.erb within layouts/application
[Webpacker] Everything's up-to-date. Nothing to do
  Rendered library/index.html.erb within layouts/application (Duration: 22.3ms | Allocations: 2157)
  Rendered layout layouts/application.html.erb (Duration: 30.4ms | Allocations: 4708)
Completed 200 OK in 67ms (Views: 42.2ms | ActiveRecord: 0.0ms | Allocations: 9285)


Started GET "/library" for ::1 at 2022-06-21 12:45:58 +0200
Processing by LibraryController#index as HTML
  Rendering layout layouts/application.html.erb
  Rendering library/index.html.erb within layouts/application
[Webpacker] Everything's up-to-date. Nothing to do
  Rendered library/index.html.erb within layouts/application (Duration: 19.1ms | Allocations: 1586)
  Rendered layout layouts/application.html.erb (Duration: 21.8ms | Allocations: 2222)
Completed 200 OK in 27ms (Views: 23.6ms | ActiveRecord: 0.0ms | Allocations: 2727)


Started GET "/library" for ::1 at 2022-06-21 12:46:48 +0200
Processing by LibraryController#index as HTML
  Rendering layout layouts/application.html.erb
  Rendering library/index.html.erb within layouts/application
[Webpacker] Everything's up-to-date. Nothing to do
  Rendered library/index.html.erb within layouts/application (Duration: 18.3ms | Allocations: 1584)
  Rendered layout layouts/application.html.erb (Duration: 24.2ms | Allocations: 3755)
Completed 200 OK in 29ms (Views: 26.3ms | ActiveRecord: 0.0ms | Allocations: 4256)


Started GET "/library" for ::1 at 2022-06-21 13:17:56 +0200
Processing by LibraryController#index as HTML
  Rendering layout layouts/application.html.erb
  Rendering library/index.html.erb within layouts/application
[Webpacker] Everything's up-to-date. Nothing to do
  Rendered library/index.html.erb within layouts/application (Duration: 15.8ms | Allocations: 1583)
  Rendered layout layouts/application.html.erb (Duration: 26.2ms | Allocations: 3753)
Completed 200 OK in 32ms (Views: 28.5ms | Allocations: 4254)


Started GET "/library" for ::1 at 2022-06-21 13:18:32 +0200
Processing by LibraryController#index as HTML
  Rendering layout layouts/application.html.erb
  Rendering library/index.html.erb within layouts/application
[Webpacker] Everything's up-to-date. Nothing to do
  Rendered library/index.html.erb within layouts/application (Duration: 13.7ms | Allocations: 1589)
  Rendered layout layouts/application.html.erb (Duration: 18.6ms | Allocations: 3760)
Completed 200 OK in 22ms (Views: 19.8ms | Allocations: 4260)


Started GET "/libreria" for ::1 at 2022-06-21 13:20:25 +0200
  
ActionController::RoutingError (No route matches [GET] "/libreria"):
  
Started GET "/library" for ::1 at 2022-06-21 13:20:28 +0200
Processing by LibraryController#index as HTML
  Rendering layout layouts/application.html.erb
  Rendering library/index.html.erb within layouts/application
  Rendered library/index.html.erb within layouts/application (Duration: 20.1ms | Allocations: 2453)
  Rendered layout layouts/application.html.erb (Duration: 20.8ms | Allocations: 2533)
Completed 500 Internal Server Error in 30ms (Allocations: 3467)


  
ActionView::Template::Error (The asset "library.css" is not present in the asset pipeline.
):
    25:     </section>
    26: 
    27: 
    28:     <%= stylesheet_link_tag "library" %>
    29:     <%= javascript_pack_tag 'library' %>
    30: 
    31: 
  
app/views/library/index.html.erb:28
Started GET "/library" for ::1 at 2022-06-21 13:21:18 +0200
Processing by LibraryController#index as HTML
  Rendering layout layouts/application.html.erb
  Rendering library/index.html.erb within layouts/application
[Webpacker] Compiling...
[Webpacker] Compiled all packs in /home/oddiv/desktop/test/BiblioCommunity/public/packs
[Webpacker] warning package.json: No license field

[Webpacker] Hash: fb32f6a55f0bba04833c
Version: webpack 4.46.0
Time: 7011ms
Built at: 06/21/2022 1:21:31 PM
                                     Asset       Size       Chunks                         Chunk Names
    js/application-d4595b35a11a8b9a939a.js    3.9 KiB  application  [emitted] [immutable]  application
js/application-d4595b35a11a8b9a939a.js.map   3.53 KiB  application  [emitted] [dev]        application
        js/library-da02196826730b103f9b.js    414 KiB      library  [emitted] [immutable]  library
    js/library-da02196826730b103f9b.js.map    397 KiB      library  [emitted] [dev]        library
                             manifest.json  675 bytes               [emitted]              
Entrypoint application = js/application-d4595b35a11a8b9a939a.js js/application-d4595b35a11a8b9a939a.js.map
Entrypoint library = js/library-da02196826730b103f9b.js js/library-da02196826730b103f9b.js.map
[./app/javascript/packs/application.js] 0 bytes {application} [built]
[./app/javascript/packs/library.js] 251 bytes {library} [built]
    + 107 hidden modules

  Rendered library/index.html.erb within layouts/application (Duration: 12626.6ms | Allocations: 37835)
  Rendered layout layouts/application.html.erb (Duration: 12642.5ms | Allocations: 40262)
Completed 200 OK in 12648ms (Views: 12644.5ms | Allocations: 40677)


Started GET "/library" for ::1 at 2022-06-21 13:21:46 +0200
Processing by LibraryController#index as HTML
  Rendering layout layouts/application.html.erb
  Rendering library/index.html.erb within layouts/application
[Webpacker] Everything's up-to-date. Nothing to do
  Rendered library/index.html.erb within layouts/application (Duration: 26.7ms | Allocations: 2362)
  Rendered layout layouts/application.html.erb (Duration: 30.5ms | Allocations: 2986)
Completed 200 OK in 38ms (Views: 33.1ms | Allocations: 3497)


  [1m[35m (4.9ms)[0m  [1m[34mSELECT sqlite_version(*)[0m
  [1m[35m (2.2ms)[0m  [1m[34mSELECT sqlite_version(*)[0m
  [1m[35m (1.5ms)[0m  [1m[34mSELECT sqlite_version(*)[0m
  [1m[36mActiveRecord::SchemaMigration Pluck (0.6ms)[0m  [1m[34mSELECT "schema_migrations"."version" FROM "schema_migrations" ORDER BY "schema_migrations"."version" ASC[0m
Migrating to CreateBooks (20220621112303)
  [1m[36mTRANSACTION (0.1ms)[0m  [1m[36mbegin transaction[0m
  [1m[35m (11.1ms)[0m  [1m[35mCREATE TABLE "books" ("id" integer PRIMARY KEY AUTOINCREMENT NOT NULL, "ISBN" integer NOT NULL, "title" varchar NOT NULL, "placeholder" varchar NOT NULL, "created_at" datetime(6) NOT NULL, "updated_at" datetime(6) NOT NULL)[0m
  [1m[36mActiveRecord::SchemaMigration Create (0.6ms)[0m  [1m[32mINSERT INTO "schema_migrations" ("version") VALUES (?)[0m  [["version", "20220621112303"]]
  [1m[36mTRANSACTION (3.3ms)[0m  [1m[36mcommit transaction[0m
Migrating to CreateUsers (20220621112916)
  [1m[36mTRANSACTION (0.1ms)[0m  [1m[36mbegin transaction[0m
  [1m[35m (1.9ms)[0m  [1m[35mCREATE TABLE "users" ("id" integer PRIMARY KEY AUTOINCREMENT NOT NULL, "matricola" integer, "email" varchar, "created_at" datetime(6) NOT NULL, "updated_at" datetime(6) NOT NULL)[0m
  [1m[36mActiveRecord::SchemaMigration Create (0.5ms)[0m  [1m[32mINSERT INTO "schema_migrations" ("version") VALUES (?)[0m  [["version", "20220621112916"]]
  [1m[36mTRANSACTION (2.8ms)[0m  [1m[36mcommit transaction[0m
Migrating to CreateBookRentals (20220621113521)
  [1m[36mTRANSACTION (0.1ms)[0m  [1m[36mbegin transaction[0m
  [1m[35m (2.0ms)[0m  [1m[35mCREATE TABLE "book_rentals" ("id" integer PRIMARY KEY AUTOINCREMENT NOT NULL, "book_id" integer NOT NULL, "user_id" integer NOT NULL, "start" datetime(6) NOT NULL, "end" datetime(6) NOT NULL, "created_at" datetime(6) NOT NULL, "updated_at" datetime(6) NOT NULL, CONSTRAINT "fk_rails_602c99e73c"
FOREIGN KEY ("book_id")
  REFERENCES "books" ("id")
, CONSTRAINT "fk_rails_d9702033da"
FOREIGN KEY ("user_id")
  REFERENCES "users" ("id")
)[0m
  [1m[35m (0.5ms)[0m  [1m[35mCREATE INDEX "index_book_rentals_on_book_id" ON "book_rentals" ("book_id")[0m
  [1m[35m (0.5ms)[0m  [1m[35mCREATE INDEX "index_book_rentals_on_user_id" ON "book_rentals" ("user_id")[0m
  [1m[35m (0.5ms)[0m  [1m[35mCREATE UNIQUE INDEX "index_book_rentals_on_book_and_user" ON "book_rentals" ("book", "user")[0m
  [1m[36mActiveRecord::SchemaMigration Create (0.8ms)[0m  [1m[32mINSERT INTO "schema_migrations" ("version") VALUES (?)[0m  [["version", "20220621113521"]]
  [1m[36mTRANSACTION (3.7ms)[0m  [1m[36mcommit transaction[0m
  [1m[36mActiveRecord::InternalMetadata Load (0.7ms)[0m  [1m[34mSELECT "ar_internal_metadata".* FROM "ar_internal_metadata" WHERE "ar_internal_metadata"."key" = ? LIMIT ?[0m  [["key", "environment"], ["LIMIT", 1]]
  [1m[35m (0.1ms)[0m  [1m[34mSELECT sqlite_version(*)[0m
  [1m[36mActiveRecord::SchemaMigration Pluck (0.5ms)[0m  [1m[34mSELECT "schema_migrations"."version" FROM "schema_migrations" ORDER BY "schema_migrations"."version" ASC[0m
  [1m[35m (2.0ms)[0m  [1m[34mSELECT sqlite_version(*)[0m
  [1m[36mTRANSACTION (0.1ms)[0m  [1m[36mbegin transaction[0m
  [1m[36mUser Create (6.7ms)[0m  [1m[32mINSERT INTO "users" ("matricola", "email", "created_at", "updated_at") VALUES (?, ?, ?, ?)[0m  [["matricola", 1886952], ["email", "oddi.1886952@studenti.uniroma1.it"], ["created_at", "2022-06-21 11:42:01.624093"], ["updated_at", "2022-06-21 11:42:01.624093"]]
  [1m[36mTRANSACTION (3.1ms)[0m  [1m[36mcommit transaction[0m
  [1m[36mTRANSACTION (0.1ms)[0m  [1m[36mbegin transaction[0m
  [1m[36mBook Create (4.7ms)[0m  [1m[32mINSERT INTO "books" ("ISBN", "title", "placeholder", "created_at", "updated_at") VALUES (?, ?, ?, ?, ?)[0m  [["ISBN", 9788808420206], ["title", "Lezioni di Fisica 1 di Sette, Alippi, Bettucci"], ["placeholder", "fisica_1"], ["created_at", "2022-06-21 11:42:53.765881"], ["updated_at", "2022-06-21 11:42:53.765881"]]
  [1m[36mTRANSACTION (5.5ms)[0m  [1m[36mcommit transaction[0m
  [1m[36mTRANSACTION (0.2ms)[0m  [1m[36mbegin transaction[0m
  [1m[36mBookRental Create (2.7ms)[0m  [1m[32mINSERT INTO "book_rentals" ("book_id", "user_id", "start", "end", "created_at", "updated_at") VALUES (?, ?, ?, ?, ?, ?)[0m  [["book_id", 1], ["user_id", 1], ["start", "2022-06-20 00:00:00"], ["end", "2023-06-20 00:00:00"], ["created_at", "2022-06-21 11:43:31.169530"], ["updated_at", "2022-06-21 11:43:31.169530"]]
  [1m[36mTRANSACTION (6.6ms)[0m  [1m[36mcommit transaction[0m
Started GET "/library" for ::1 at 2022-06-21 13:44:37 +0200
  [1m[35m (0.2ms)[0m  [1m[34mSELECT sqlite_version(*)[0m
  [1m[36mActiveRecord::SchemaMigration Pluck (0.6ms)[0m  [1m[34mSELECT "schema_migrations"."version" FROM "schema_migrations" ORDER BY "schema_migrations"."version" ASC[0m
Processing by LibraryController#index as HTML
  Rendering layout layouts/application.html.erb
  Rendering library/index.html.erb within layouts/application
[Webpacker] Everything's up-to-date. Nothing to do
  Rendered library/index.html.erb within layouts/application (Duration: 25.1ms | Allocations: 2577)
  Rendered layout layouts/application.html.erb (Duration: 35.5ms | Allocations: 4977)
Completed 200 OK in 45ms (Views: 41.5ms | ActiveRecord: 0.0ms | Allocations: 6104)


Started GET "/books" for ::1 at 2022-06-21 13:44:39 +0200
Processing by BooksController#index as HTML
  Rendering layout layouts/application.html.erb
  Rendering books/index.html.erb within layouts/application
  [1m[36mBook Load (0.7ms)[0m  [1m[34mSELECT "books".* FROM "books"[0m
  ↳ app/views/books/index.html.erb:6
  Rendered books/_book.html.erb (Duration: 2.1ms | Allocations: 250)
  Rendered books/index.html.erb within layouts/application (Duration: 41.7ms | Allocations: 6283)
  Rendered layout layouts/application.html.erb (Duration: 44.2ms | Allocations: 7003)
Completed 200 OK in 71ms (Views: 43.6ms | ActiveRecord: 4.3ms | Allocations: 11426)


Started GET "/library" for ::1 at 2022-06-21 13:46:23 +0200
Processing by LibraryController#index as HTML
  Rendering layout layouts/application.html.erb
  Rendering library/index.html.erb within layouts/application
[Webpacker] Everything's up-to-date. Nothing to do
  Rendered library/index.html.erb within layouts/application (Duration: 19.1ms | Allocations: 2601)
  Rendered layout layouts/application.html.erb (Duration: 23.9ms | Allocations: 3465)
Completed 200 OK in 32ms (Views: 29.4ms | ActiveRecord: 0.0ms | Allocations: 4554)


Started GET "/books" for ::1 at 2022-06-21 13:46:23 +0200
Processing by BooksController#index as HTML
  Rendering layout layouts/application.html.erb
  Rendering books/index.html.erb within layouts/application
  [1m[36mBook Load (0.6ms)[0m  [1m[34mSELECT "books".* FROM "books"[0m
  ↳ app/views/books/index.html.erb:18
  Rendered books/index.html.erb within layouts/application (Duration: 14.6ms | Allocations: 2766)
  Rendered layout layouts/application.html.erb (Duration: 15.8ms | Allocations: 2845)
Completed 500 Internal Server Error in 24ms (ActiveRecord: 0.6ms | Allocations: 3904)


  
ActionView::Template::Error (The asset "placeholder/fisica_1" is not present in the asset pipeline.
):
    18:           <% @books.each do |book| %>
    19: 
    20:             <%= link_to book do %>
    21:               <%= image_tag 'placeholder/'+book.placeholder %>
    22:             <%end%>
    23: 
    24:             <div style="padding-left:20px">
  
app/views/books/index.html.erb:21
app/views/books/index.html.erb:20
app/views/books/index.html.erb:18
Started GET "/books" for ::1 at 2022-06-21 13:46:32 +0200
Processing by BooksController#index as HTML
  Rendering layout layouts/application.html.erb
  Rendering books/index.html.erb within layouts/application
  [1m[36mBook Load (0.7ms)[0m  [1m[34mSELECT "books".* FROM "books"[0m
  ↳ app/views/books/index.html.erb:18
  Rendered books/index.html.erb within layouts/application (Duration: 14.1ms | Allocations: 2375)
  Rendered layout layouts/application.html.erb (Duration: 14.9ms | Allocations: 2453)
Completed 500 Internal Server Error in 20ms (ActiveRecord: 0.7ms | Allocations: 2925)


  
ActionView::Template::Error (The asset "placeholder/fisica_1" is not present in the asset pipeline.
):
    18:           <% @books.each do |book| %>
    19: 
    20:             <%= link_to book do %>
    21:               <%= image_tag 'placeholder/'+book.placeholder %>
    22:             <%end%>
    23: 
    24:             <div style="padding-left:20px">
  
app/views/books/index.html.erb:21
app/views/books/index.html.erb:20
app/views/books/index.html.erb:18
Started GET "/library" for ::1 at 2022-06-21 13:46:39 +0200
Processing by LibraryController#index as HTML
  Rendering layout layouts/application.html.erb
  Rendering library/index.html.erb within layouts/application
[Webpacker] Everything's up-to-date. Nothing to do
  Rendered library/index.html.erb within layouts/application (Duration: 19.9ms | Allocations: 2356)
  Rendered layout layouts/application.html.erb (Duration: 23.2ms | Allocations: 2980)
Completed 200 OK in 28ms (Views: 25.1ms | ActiveRecord: 0.0ms | Allocations: 3474)


Started GET "/library" for ::1 at 2022-06-21 13:47:33 +0200
Processing by LibraryController#index as HTML
  Rendering layout layouts/application.html.erb
  Rendering library/index.html.erb within layouts/application
[Webpacker] Everything's up-to-date. Nothing to do
  Rendered library/index.html.erb within layouts/application (Duration: 20.6ms | Allocations: 2354)
  Rendered layout layouts/application.html.erb (Duration: 22.8ms | Allocations: 2978)
Completed 200 OK in 28ms (Views: 24.3ms | ActiveRecord: 0.0ms | Allocations: 3480)


Started GET "/books" for ::1 at 2022-06-21 13:47:36 +0200
Processing by BooksController#index as HTML
  Rendering layout layouts/application.html.erb
  Rendering books/index.html.erb within layouts/application
  [1m[36mBook Load (0.7ms)[0m  [1m[34mSELECT "books".* FROM "books"[0m
  ↳ app/views/books/index.html.erb:18
  Rendered books/index.html.erb within layouts/application (Duration: 17.2ms | Allocations: 2375)
  Rendered layout layouts/application.html.erb (Duration: 18.5ms | Allocations: 2453)
Completed 500 Internal Server Error in 23ms (ActiveRecord: 0.7ms | Allocations: 2964)


  
ActionView::Template::Error (The asset "placeholder/fisica_1" is not present in the asset pipeline.
):
    18:           <% @books.each do |book| %>
    19: 
    20:             <%= link_to book do %>
    21:               <%= image_tag 'placeholder/'+book.placeholder %>
    22:             <%end%>
    23: 
    24:             <div style="padding-left:20px">
  
app/views/books/index.html.erb:21
app/views/books/index.html.erb:20
app/views/books/index.html.erb:18
Started GET "/library" for ::1 at 2022-06-21 13:48:20 +0200
Processing by LibraryController#index as HTML
  Rendering layout layouts/application.html.erb
  Rendering library/index.html.erb within layouts/application
[Webpacker] Everything's up-to-date. Nothing to do
  Rendered library/index.html.erb within layouts/application (Duration: 24.9ms | Allocations: 2359)
  Rendered layout layouts/application.html.erb (Duration: 27.4ms | Allocations: 2983)
Completed 200 OK in 33ms (Views: 29.0ms | ActiveRecord: 0.0ms | Allocations: 3495)


Started GET "/books" for ::1 at 2022-06-21 13:48:22 +0200
Processing by BooksController#index as HTML
  Rendering layout layouts/application.html.erb
  Rendering books/index.html.erb within layouts/application
  [1m[36mBook Load (0.5ms)[0m  [1m[34mSELECT "books".* FROM "books"[0m
  ↳ app/views/books/index.html.erb:18
  Rendered books/index.html.erb within layouts/application (Duration: 124.6ms | Allocations: 18655)
  Rendered layout layouts/application.html.erb (Duration: 128.5ms | Allocations: 19335)
Completed 200 OK in 133ms (Views: 129.5ms | ActiveRecord: 0.5ms | Allocations: 19879)


Started GET "/books/1" for ::1 at 2022-06-21 13:48:44 +0200
Processing by BooksController#show as HTML
  Parameters: {"id"=>"1"}
  [1m[36mBook Load (0.8ms)[0m  [1m[34mSELECT "books".* FROM "books" WHERE "books"."id" = ? LIMIT ?[0m  [["id", 1], ["LIMIT", 1]]
  ↳ app/controllers/books_controller.rb:63:in `set_book'
  Rendering layout layouts/application.html.erb
  Rendering books/show.html.erb within layouts/application
  Rendered books/_book.html.erb (Duration: 2.2ms | Allocations: 219)
  Rendered books/show.html.erb within layouts/application (Duration: 6.7ms | Allocations: 945)
  Rendered layout layouts/application.html.erb (Duration: 9.2ms | Allocations: 1568)
Completed 200 OK in 57ms (Views: 10.6ms | ActiveRecord: 0.8ms | Allocations: 7338)


Started GET "/books" for ::1 at 2022-06-21 13:48:55 +0200
Processing by BooksController#index as HTML
  Rendering layout layouts/application.html.erb
  Rendering books/index.html.erb within layouts/application
  [1m[36mBook Load (0.6ms)[0m  [1m[34mSELECT "books".* FROM "books"[0m
  ↳ app/views/books/index.html.erb:18
  Rendered books/index.html.erb within layouts/application (Duration: 8.4ms | Allocations: 1175)
  Rendered layout layouts/application.html.erb (Duration: 10.6ms | Allocations: 1808)
Completed 200 OK in 15ms (Views: 11.5ms | ActiveRecord: 0.6ms | Allocations: 2328)


Started GET "/library" for ::1 at 2022-06-21 13:49:03 +0200
Processing by LibraryController#index as HTML
  Rendering layout layouts/application.html.erb
  Rendering library/index.html.erb within layouts/application
[Webpacker] Everything's up-to-date. Nothing to do
  Rendered library/index.html.erb within layouts/application (Duration: 18.7ms | Allocations: 2354)
  Rendered layout layouts/application.html.erb (Duration: 20.7ms | Allocations: 2978)
Completed 200 OK in 24ms (Views: 22.0ms | ActiveRecord: 0.0ms | Allocations: 3478)


Started GET "/books" for ::1 at 2022-06-21 13:49:08 +0200
Processing by BooksController#index as HTML
  Rendering layout layouts/application.html.erb
  Rendering books/index.html.erb within layouts/application
  [1m[36mBook Load (0.6ms)[0m  [1m[34mSELECT "books".* FROM "books"[0m
  ↳ app/views/books/index.html.erb:18
  Rendered books/index.html.erb within layouts/application (Duration: 7.2ms | Allocations: 1175)
  Rendered layout layouts/application.html.erb (Duration: 9.1ms | Allocations: 1808)
Completed 200 OK in 13ms (Views: 10.0ms | ActiveRecord: 0.6ms | Allocations: 2348)


Started GET "/book_rentals" for ::1 at 2022-06-21 13:49:11 +0200
Processing by BookRentalsController#index as HTML
  Rendering layout layouts/application.html.erb
  Rendering book_rentals/index.html.erb within layouts/application
  [1m[36mBookRental Load (1.0ms)[0m  [1m[34mSELECT "book_rentals".* FROM "book_rentals"[0m
  ↳ app/views/book_rentals/index.html.erb:6
  [1m[36mBook Load (0.5ms)[0m  [1m[34mSELECT "books".* FROM "books" WHERE "books"."id" = ? LIMIT ?[0m  [["id", 1], ["LIMIT", 1]]
  ↳ app/views/book_rentals/_book_rental.html.erb:4
  [1m[36mUser Load (0.6ms)[0m  [1m[34mSELECT "users".* FROM "users" WHERE "users"."id" = ? LIMIT ?[0m  [["id", 1], ["LIMIT", 1]]
  ↳ app/views/book_rentals/_book_rental.html.erb:9
  Rendered book_rentals/_book_rental.html.erb (Duration: 65.4ms | Allocations: 14811)
  Rendered book_rentals/index.html.erb within layouts/application (Duration: 85.1ms | Allocations: 19886)
  Rendered layout layouts/application.html.erb (Duration: 87.6ms | Allocations: 20606)
Completed 200 OK in 110ms (Views: 84.1ms | ActiveRecord: 7.2ms | Allocations: 24488)


Started GET "/library" for ::1 at 2022-06-21 13:51:15 +0200
Processing by LibraryController#index as HTML
  Rendering layout layouts/application.html.erb
  Rendering library/index.html.erb within layouts/application
[Webpacker] Everything's up-to-date. Nothing to do
  Rendered library/index.html.erb within layouts/application (Duration: 20.7ms | Allocations: 2605)
  Rendered layout layouts/application.html.erb (Duration: 24.8ms | Allocations: 3469)
Completed 200 OK in 34ms (Views: 31.0ms | ActiveRecord: 0.0ms | Allocations: 4552)


Started GET "/book_rentals" for ::1 at 2022-06-21 13:51:17 +0200
Processing by BookRentalsController#index as HTML
  Rendering layout layouts/application.html.erb
  Rendering book_rentals/index.html.erb within layouts/application
  [1m[36mBookRental Load (0.7ms)[0m  [1m[34mSELECT "book_rentals".* FROM "book_rentals"[0m
  ↳ app/views/book_rentals/index.html.erb:6
  [1m[36mBook Load (0.5ms)[0m  [1m[34mSELECT "books".* FROM "books" WHERE "books"."id" = ? LIMIT ?[0m  [["id", 1], ["LIMIT", 1]]
  ↳ app/views/book_rentals/_book_rental.html.erb:4
  [1m[36mUser Load (0.6ms)[0m  [1m[34mSELECT "users".* FROM "users" WHERE "users"."id" = ? LIMIT ?[0m  [["id", 1], ["LIMIT", 1]]
  ↳ app/views/book_rentals/_book_rental.html.erb:9
  Rendered book_rentals/_book_rental.html.erb (Duration: 9.3ms | Allocations: 1568)
  Rendered book_rentals/index.html.erb within layouts/application (Duration: 17.3ms | Allocations: 2628)
  Rendered layout layouts/application.html.erb (Duration: 20.9ms | Allocations: 3347)
Completed 200 OK in 28ms (Views: 22.9ms | ActiveRecord: 1.9ms | Allocations: 4441)


Started GET "/book_rentals/1" for ::1 at 2022-06-21 13:51:23 +0200
Processing by BookRentalsController#show as HTML
  Parameters: {"id"=>"1"}
  [1m[36mBookRental Load (0.8ms)[0m  [1m[34mSELECT "book_rentals".* FROM "book_rentals" WHERE "book_rentals"."id" = ? LIMIT ?[0m  [["id", 1], ["LIMIT", 1]]
  ↳ app/controllers/book_rentals_controller.rb:63:in `set_book_rental'
  Rendering layout layouts/application.html.erb
  Rendering book_rentals/show.html.erb within layouts/application
  [1m[36mBook Load (0.7ms)[0m  [1m[34mSELECT "books".* FROM "books" WHERE "books"."id" = ? LIMIT ?[0m  [["id", 1], ["LIMIT", 1]]
  ↳ app/views/book_rentals/_book_rental.html.erb:4
  [1m[36mUser Load (0.8ms)[0m  [1m[34mSELECT "users".* FROM "users" WHERE "users"."id" = ? LIMIT ?[0m  [["id", 1], ["LIMIT", 1]]
  ↳ app/views/book_rentals/_book_rental.html.erb:9
  Rendered book_rentals/_book_rental.html.erb (Duration: 9.3ms | Allocations: 1336)
  Rendered book_rentals/show.html.erb within layouts/application (Duration: 13.9ms | Allocations: 1953)
  Rendered layout layouts/application.html.erb (Duration: 16.3ms | Allocations: 2576)
Completed 200 OK in 27ms (Views: 16.2ms | ActiveRecord: 2.3ms | Allocations: 4229)


Started GET "/book_rentals" for ::1 at 2022-06-21 13:51:30 +0200
Processing by BookRentalsController#index as HTML
  Rendering layout layouts/application.html.erb
  Rendering book_rentals/index.html.erb within layouts/application
  [1m[36mBookRental Load (0.6ms)[0m  [1m[34mSELECT "book_rentals".* FROM "book_rentals"[0m
  ↳ app/views/book_rentals/index.html.erb:6
  [1m[36mBook Load (0.7ms)[0m  [1m[34mSELECT "books".* FROM "books" WHERE "books"."id" = ? LIMIT ?[0m  [["id", 1], ["LIMIT", 1]]
  ↳ app/views/book_rentals/_book_rental.html.erb:4
  [1m[36mUser Load (0.7ms)[0m  [1m[34mSELECT "users".* FROM "users" WHERE "users"."id" = ? LIMIT ?[0m  [["id", 1], ["LIMIT", 1]]
  ↳ app/views/book_rentals/_book_rental.html.erb:9
  Rendered book_rentals/_book_rental.html.erb (Duration: 7.9ms | Allocations: 1344)
  Rendered book_rentals/index.html.erb within layouts/application (Duration: 12.1ms | Allocations: 2043)
  Rendered layout layouts/application.html.erb (Duration: 14.3ms | Allocations: 2686)
Completed 200 OK in 18ms (Views: 13.8ms | ActiveRecord: 2.0ms | Allocations: 3216)


Started GET "/books" for ::1 at 2022-06-21 13:51:45 +0200
Processing by BooksController#index as HTML
  Rendering layout layouts/application.html.erb
  Rendering books/index.html.erb within layouts/application
  [1m[36mBook Load (0.7ms)[0m  [1m[34mSELECT "books".* FROM "books"[0m
  ↳ app/views/books/index.html.erb:18
  Rendered books/index.html.erb within layouts/application (Duration: 8.7ms | Allocations: 1554)
  Rendered layout layouts/application.html.erb (Duration: 12.2ms | Allocations: 2235)
Completed 200 OK in 21ms (Views: 15.6ms | ActiveRecord: 0.7ms | Allocations: 3334)


Started GET "/book_rentals" for ::1 at 2022-06-21 13:51:46 +0200
Processing by BookRentalsController#index as HTML
  Rendering layout layouts/application.html.erb
  Rendering book_rentals/index.html.erb within layouts/application
  [1m[36mBookRental Load (0.8ms)[0m  [1m[34mSELECT "book_rentals".* FROM "book_rentals"[0m
  ↳ app/views/book_rentals/index.html.erb:6
  [1m[36mBook Load (0.8ms)[0m  [1m[34mSELECT "books".* FROM "books" WHERE "books"."id" = ? LIMIT ?[0m  [["id", 1], ["LIMIT", 1]]
  ↳ app/views/book_rentals/_book_rental.html.erb:4
  [1m[36mUser Load (0.7ms)[0m  [1m[34mSELECT "users".* FROM "users" WHERE "users"."id" = ? LIMIT ?[0m  [["id", 1], ["LIMIT", 1]]
  ↳ app/views/book_rentals/_book_rental.html.erb:9
  Rendered book_rentals/_book_rental.html.erb (Duration: 8.7ms | Allocations: 1342)
  Rendered book_rentals/index.html.erb within layouts/application (Duration: 14.2ms | Allocations: 2048)
  Rendered layout layouts/application.html.erb (Duration: 16.8ms | Allocations: 2691)
Completed 200 OK in 24ms (Views: 15.8ms | ActiveRecord: 2.3ms | Allocations: 3238)


Started GET "/books" for ::1 at 2022-06-21 13:51:47 +0200
Processing by BooksController#index as HTML
  Rendering layout layouts/application.html.erb
  Rendering books/index.html.erb within layouts/application
  [1m[36mBook Load (0.5ms)[0m  [1m[34mSELECT "books".* FROM "books"[0m
  ↳ app/views/books/index.html.erb:18
  Rendered books/index.html.erb within layouts/application (Duration: 9.2ms | Allocations: 1175)
  Rendered layout layouts/application.html.erb (Duration: 12.9ms | Allocations: 1808)
Completed 200 OK in 17ms (Views: 14.2ms | ActiveRecord: 0.5ms | Allocations: 2343)


Started GET "/book_rentals" for ::1 at 2022-06-21 13:51:48 +0200
Processing by BookRentalsController#index as HTML
  Rendering layout layouts/application.html.erb
  Rendering book_rentals/index.html.erb within layouts/application
  [1m[36mBookRental Load (0.5ms)[0m  [1m[34mSELECT "book_rentals".* FROM "book_rentals"[0m
  ↳ app/views/book_rentals/index.html.erb:6
  [1m[36mBook Load (0.7ms)[0m  [1m[34mSELECT "books".* FROM "books" WHERE "books"."id" = ? LIMIT ?[0m  [["id", 1], ["LIMIT", 1]]
  ↳ app/views/book_rentals/_book_rental.html.erb:4
  [1m[36mUser Load (0.8ms)[0m  [1m[34mSELECT "users".* FROM "users" WHERE "users"."id" = ? LIMIT ?[0m  [["id", 1], ["LIMIT", 1]]
  ↳ app/views/book_rentals/_book_rental.html.erb:9
  Rendered book_rentals/_book_rental.html.erb (Duration: 8.8ms | Allocations: 1342)
  Rendered book_rentals/index.html.erb within layouts/application (Duration: 13.6ms | Allocations: 2048)
  Rendered layout layouts/application.html.erb (Duration: 16.1ms | Allocations: 2691)
Completed 200 OK in 21ms (Views: 15.5ms | ActiveRecord: 2.1ms | Allocations: 3229)


Started GET "/library" for ::1 at 2022-06-21 14:11:06 +0200
Processing by LibraryController#index as HTML
  Rendering layout layouts/application.html.erb
  Rendering library/index.html.erb within layouts/application
[Webpacker] Everything's up-to-date. Nothing to do
  Rendered library/index.html.erb within layouts/application (Duration: 20.3ms | Allocations: 2394)
  Rendered layout layouts/application.html.erb (Duration: 29.6ms | Allocations: 4557)
Completed 200 OK in 34ms (Views: 31.2ms | Allocations: 5050)


Started GET "/books" for ::1 at 2022-06-21 14:11:07 +0200
Processing by BooksController#index as HTML
  Rendering layout layouts/application.html.erb
  Rendering books/index.html.erb within layouts/application
  [1m[35m (0.1ms)[0m  [1m[34mSELECT sqlite_version(*)[0m
  ↳ app/views/books/index.html.erb:18
  [1m[36mBook Load (0.8ms)[0m  [1m[34mSELECT "books".* FROM "books"[0m
  ↳ app/views/books/index.html.erb:18
  Rendered books/index.html.erb within layouts/application (Duration: 9.2ms | Allocations: 1773)
  Rendered layout layouts/application.html.erb (Duration: 11.0ms | Allocations: 2406)
Completed 200 OK in 15ms (Views: 12.2ms | ActiveRecord: 1.6ms | Allocations: 2950)


Started GET "/books" for ::1 at 2022-06-21 14:11:16 +0200
Processing by BooksController#index as HTML
  Rendering layout layouts/application.html.erb
  Rendering books/index.html.erb within layouts/application
  [1m[36mBook Load (0.6ms)[0m  [1m[34mSELECT "books".* FROM "books"[0m
  ↳ app/views/books/index.html.erb:18
  Rendered books/index.html.erb within layouts/application (Duration: 8.0ms | Allocations: 1175)
  Rendered layout layouts/application.html.erb (Duration: 10.3ms | Allocations: 1808)
Completed 200 OK in 15ms (Views: 11.1ms | ActiveRecord: 0.6ms | Allocations: 2342)


Started GET "/book_rentals" for ::1 at 2022-06-21 14:12:36 +0200
Processing by BookRentalsController#index as HTML
  Rendering layout layouts/application.html.erb
  Rendering book_rentals/index.html.erb within layouts/application
  [1m[36mBookRental Load (1.0ms)[0m  [1m[34mSELECT "book_rentals".* FROM "book_rentals"[0m
  ↳ app/views/book_rentals/index.html.erb:6
  [1m[36mBook Load (1.1ms)[0m  [1m[34mSELECT "books".* FROM "books" WHERE "books"."id" = ? LIMIT ?[0m  [["id", 1], ["LIMIT", 1]]
  ↳ app/views/book_rentals/_book_rental.html.erb:4
  [1m[36mUser Load (1.2ms)[0m  [1m[34mSELECT "users".* FROM "users" WHERE "users"."id" = ? LIMIT ?[0m  [["id", 1], ["LIMIT", 1]]
  ↳ app/views/book_rentals/_book_rental.html.erb:9
  Rendered book_rentals/_book_rental.html.erb (Duration: 9.2ms | Allocations: 1396)
  Rendered book_rentals/index.html.erb within layouts/application (Duration: 14.5ms | Allocations: 2135)
  Rendered layout layouts/application.html.erb (Duration: 17.4ms | Allocations: 2778)
Completed 200 OK in 22ms (Views: 16.0ms | ActiveRecord: 3.3ms | Allocations: 3314)


Started GET "/library" for ::1 at 2022-06-21 14:12:51 +0200
Processing by LibraryController#index as HTML
  Rendering layout layouts/application.html.erb
  Rendering library/index.html.erb within layouts/application
[Webpacker] Everything's up-to-date. Nothing to do
  Rendered library/index.html.erb within layouts/application (Duration: 27.5ms | Allocations: 2358)
  Rendered layout layouts/application.html.erb (Duration: 30.3ms | Allocations: 2982)
Completed 200 OK in 34ms (Views: 32.1ms | ActiveRecord: 0.0ms | Allocations: 3500)


Started GET "/library" for ::1 at 2022-06-21 14:27:41 +0200
  [1m[35m (0.2ms)[0m  [1m[34mSELECT sqlite_version(*)[0m
  [1m[36mActiveRecord::SchemaMigration Pluck (0.7ms)[0m  [1m[34mSELECT "schema_migrations"."version" FROM "schema_migrations" ORDER BY "schema_migrations"."version" ASC[0m
Processing by LibraryController#index as HTML
  Rendering layout layouts/application.html.erb
  Rendering library/index.html.erb within layouts/application
[Webpacker] Everything's up-to-date. Nothing to do
  Rendered library/index.html.erb within layouts/application (Duration: 43.5ms | Allocations: 2357)
  Rendered layout layouts/application.html.erb (Duration: 46.7ms | Allocations: 2981)
Completed 200 OK in 53ms (Views: 48.8ms | ActiveRecord: 0.0ms | Allocations: 3494)


Started GET "/books" for ::1 at 2022-06-21 14:27:42 +0200
Processing by BooksController#index as HTML
  Rendering layout layouts/application.html.erb
  Rendering books/index.html.erb within layouts/application
  [1m[36mBook Load (0.9ms)[0m  [1m[34mSELECT "books".* FROM "books"[0m
  ↳ app/views/books/index.html.erb:18
  Rendered books/index.html.erb within layouts/application (Duration: 10.3ms | Allocations: 1207)
  Rendered layout layouts/application.html.erb (Duration: 12.9ms | Allocations: 1840)
Completed 200 OK in 19ms (Views: 14.4ms | ActiveRecord: 0.9ms | Allocations: 2383)


Started GET "/book_rentals" for ::1 at 2022-06-21 14:27:48 +0200
Processing by BookRentalsController#index as HTML
  Rendering layout layouts/application.html.erb
  Rendering book_rentals/index.html.erb within layouts/application
  [1m[36mBookRental Load (0.7ms)[0m  [1m[34mSELECT "book_rentals".* FROM "book_rentals"[0m
  ↳ app/views/book_rentals/index.html.erb:6
  [1m[36mBook Load (1.8ms)[0m  [1m[34mSELECT "books".* FROM "books" WHERE "books"."id" = ? LIMIT ?[0m  [["id", 1], ["LIMIT", 1]]
  ↳ app/views/book_rentals/_book_rental.html.erb:4
  [1m[36mUser Load (0.7ms)[0m  [1m[34mSELECT "users".* FROM "users" WHERE "users"."id" = ? LIMIT ?[0m  [["id", 1], ["LIMIT", 1]]
  ↳ app/views/book_rentals/_book_rental.html.erb:9
  Rendered book_rentals/_book_rental.html.erb (Duration: 9.8ms | Allocations: 1396)
  Rendered book_rentals/index.html.erb within layouts/application (Duration: 14.6ms | Allocations: 2135)
  Rendered layout layouts/application.html.erb (Duration: 17.2ms | Allocations: 2778)
Completed 200 OK in 22ms (Views: 15.7ms | ActiveRecord: 3.2ms | Allocations: 3318)


Started GET "/book_rentals/1" for ::1 at 2022-06-21 14:27:55 +0200
Processing by BookRentalsController#show as HTML
  Parameters: {"id"=>"1"}
  [1m[36mBookRental Load (0.6ms)[0m  [1m[34mSELECT "book_rentals".* FROM "book_rentals" WHERE "book_rentals"."id" = ? LIMIT ?[0m  [["id", 1], ["LIMIT", 1]]
  ↳ app/controllers/book_rentals_controller.rb:63:in `set_book_rental'
  Rendering layout layouts/application.html.erb
  Rendering book_rentals/show.html.erb within layouts/application
  [1m[36mBook Load (1.0ms)[0m  [1m[34mSELECT "books".* FROM "books" WHERE "books"."id" = ? LIMIT ?[0m  [["id", 1], ["LIMIT", 1]]
  ↳ app/views/book_rentals/_book_rental.html.erb:4
  [1m[36mUser Load (0.8ms)[0m  [1m[34mSELECT "users".* FROM "users" WHERE "users"."id" = ? LIMIT ?[0m  [["id", 1], ["LIMIT", 1]]
  ↳ app/views/book_rentals/_book_rental.html.erb:9
  Rendered book_rentals/_book_rental.html.erb (Duration: 12.3ms | Allocations: 1338)
  Rendered book_rentals/show.html.erb within layouts/application (Duration: 15.8ms | Allocations: 1746)
  Rendered layout layouts/application.html.erb (Duration: 19.3ms | Allocations: 2369)
Completed 200 OK in 31ms (Views: 19.1ms | ActiveRecord: 2.4ms | Allocations: 3381)


Started GET "/book_rentals" for ::1 at 2022-06-21 14:27:57 +0200
Processing by BookRentalsController#index as HTML
  Rendering layout layouts/application.html.erb
  Rendering book_rentals/index.html.erb within layouts/application
  [1m[36mBookRental Load (0.5ms)[0m  [1m[34mSELECT "book_rentals".* FROM "book_rentals"[0m
  ↳ app/views/book_rentals/index.html.erb:6
  [1m[36mBook Load (0.6ms)[0m  [1m[34mSELECT "books".* FROM "books" WHERE "books"."id" = ? LIMIT ?[0m  [["id", 1], ["LIMIT", 1]]
  ↳ app/views/book_rentals/_book_rental.html.erb:4
  [1m[36mUser Load (0.8ms)[0m  [1m[34mSELECT "users".* FROM "users" WHERE "users"."id" = ? LIMIT ?[0m  [["id", 1], ["LIMIT", 1]]
  ↳ app/views/book_rentals/_book_rental.html.erb:9
  Rendered book_rentals/_book_rental.html.erb (Duration: 10.4ms | Allocations: 1342)
  Rendered book_rentals/index.html.erb within layouts/application (Duration: 14.7ms | Allocations: 2041)
  Rendered layout layouts/application.html.erb (Duration: 17.5ms | Allocations: 2684)
Completed 200 OK in 22ms (Views: 17.4ms | ActiveRecord: 1.9ms | Allocations: 3196)


